g:\wd smartware.swstor\baseofoperation\backup-ext\c++ programming 2\lab08\sdvaengine - week 8\engine\x64\release\vc140.pdb
g:\wd smartware.swstor\baseofoperation\backup-ext\c++ programming 2\lab08\sdvaengine - week 8\engine\x64\release\stdafx.obj
g:\wd smartware.swstor\baseofoperation\backup-ext\c++ programming 2\lab08\sdvaengine - week 8\engine\x64\release\engine.obj
c:\users\a1cla\desktop\project\engine\x64\release\vc140.pdb
c:\users\a1cla\desktop\project\engine\x64\release\stdafx.obj
c:\users\a1cla\desktop\project\engine\x64\release\gameobjects.obj
c:\users\a1cla\desktop\project\engine\x64\release\game.obj
c:\users\a1cla\desktop\project\engine\x64\release\engine.obj
g:\wd smartware.swstor\baseofoperation\backup-ext\c++ programming 2\lab08\sdvaengine - week 8\engine\x64\release\engine.exe
g:\wd smartware.swstor\baseofoperation\backup-ext\c++ programming 2\lab08\sdvaengine - week 8\engine\x64\release\engine.ipdb
g:\wd smartware.swstor\baseofoperation\backup-ext\c++ programming 2\lab08\sdvaengine - week 8\engine\x64\release\engine.iobj
g:\wd smartware.swstor\baseofoperation\backup-ext\c++ programming 2\lab08\sdvaengine - week 8\engine\x64\release\engine.pdb
c:\users\a1cla\desktop\project\engine\x64\release\engine.exe
c:\users\a1cla\desktop\project\engine\x64\release\engine.ipdb
c:\users\a1cla\desktop\project\engine\x64\release\engine.iobj
c:\users\a1cla\desktop\project\engine\x64\release\engine.pdb
c:\users\a1cla\desktop\project\engine\x64\release\engine.tlog\cl.command.1.tlog
c:\users\a1cla\desktop\project\engine\x64\release\engine.tlog\cl.read.1.tlog
c:\users\a1cla\desktop\project\engine\x64\release\engine.tlog\cl.write.1.tlog
c:\users\a1cla\desktop\project\engine\x64\release\engine.tlog\link.command.1.tlog
c:\users\a1cla\desktop\project\engine\x64\release\engine.tlog\link.read.1.tlog
c:\users\a1cla\desktop\project\engine\x64\release\engine.tlog\link.write.1.tlog
